0 info it worked if it ends with ok
1 verbose cli [ '/usr/local/bin/node',
1 verbose cli   '/usr/local/bin/npm',
1 verbose cli   'install',
1 verbose cli   'package.json' ]
2 info using npm@3.3.12
3 info using node@v5.1.0
4 silly loadCurrentTree Starting
5 silly install loadCurrentTree
6 silly install readLocalPackageData
7 silly fetchPackageMetaData package.json
8 silly fetchOtherPackageData package.json
9 silly cache add args [ 'package.json', null ]
10 verbose cache add spec package.json
11 silly cache add parsed spec Result {
11 silly cache add   raw: 'package.json',
11 silly cache add   scope: null,
11 silly cache add   name: null,
11 silly cache add   rawSpec: 'package.json',
11 silly cache add   spec: '/Users/barryd/Dropbox/IntelliJ Projects/SQLServerQueries/package.json',
11 silly cache add   type: 'local' }
12 silly addLocalTarball shasum (computed) 310a5bd144a6e81b00405f3f77fe526fd446b084
13 verbose addTmpTarball /Users/barryd/Dropbox/IntelliJ Projects/SQLServerQueries/package.json not in flight; adding
14 verbose addTmpTarball validating metadata from /Users/barryd/Dropbox/IntelliJ Projects/SQLServerQueries/package.json
15 verbose tar unpack /Users/barryd/Dropbox/IntelliJ Projects/SQLServerQueries/package.json
16 verbose tar unpacking to /var/folders/fm/1vz1t2dj67n90nh0321t31340000gp/T/npm-2619-8092b1e2/unpack-6f5f44b765daaacb94ec874e4a77add7
17 silly gentlyRm /var/folders/fm/1vz1t2dj67n90nh0321t31340000gp/T/npm-2619-8092b1e2/unpack-6f5f44b765daaacb94ec874e4a77add7 is being purged
18 verbose gentlyRm don't care about contents; nuking /var/folders/fm/1vz1t2dj67n90nh0321t31340000gp/T/npm-2619-8092b1e2/unpack-6f5f44b765daaacb94ec874e4a77add7
19 silly gunzTarPerm modes [ '755', '644' ]
20 error not a package /Users/barryd/Dropbox/IntelliJ Projects/SQLServerQueries/package.json
21 error addLocal Could not install /Users/barryd/Dropbox/IntelliJ Projects/SQLServerQueries/package.json
22 silly fetchPackageMetaData Error: ENOENT: no such file or directory, open '/var/folders/fm/1vz1t2dj67n90nh0321t31340000gp/T/npm-2619-8092b1e2/unpack-6f5f44b765daaacb94ec874e4a77add7/package.json'
22 silly fetchPackageMetaData     at Error (native)
22 silly fetchPackageMetaData  error for package.json { [Error: ENOENT: no such file or directory, open '/var/folders/fm/1vz1t2dj67n90nh0321t31340000gp/T/npm-2619-8092b1e2/unpack-6f5f44b765daaacb94ec874e4a77add7/package.json']
22 silly fetchPackageMetaData   errno: -2,
22 silly fetchPackageMetaData   code: 'ENOENT',
22 silly fetchPackageMetaData   syscall: 'open',
22 silly fetchPackageMetaData   path: '/var/folders/fm/1vz1t2dj67n90nh0321t31340000gp/T/npm-2619-8092b1e2/unpack-6f5f44b765daaacb94ec874e4a77add7/package.json' }
23 silly rollbackFailedOptional Starting
24 silly rollbackFailedOptional Finishing
25 silly runTopLevelLifecycles Starting
26 silly runTopLevelLifecycles Finishing
27 silly install printInstalled
28 verbose stack Error: ENOENT: no such file or directory, open '/var/folders/fm/1vz1t2dj67n90nh0321t31340000gp/T/npm-2619-8092b1e2/unpack-6f5f44b765daaacb94ec874e4a77add7/package.json'
28 verbose stack     at Error (native)
29 verbose cwd /Users/barryd/Dropbox/IntelliJ Projects/SQLServerQueries
30 error Darwin 15.0.0
31 error argv "/usr/local/bin/node" "/usr/local/bin/npm" "install" "package.json"
32 error node v5.1.0
33 error npm  v3.3.12
34 error path /var/folders/fm/1vz1t2dj67n90nh0321t31340000gp/T/npm-2619-8092b1e2/unpack-6f5f44b765daaacb94ec874e4a77add7/package.json
35 error code ENOENT
36 error errno -2
37 error syscall open
38 error enoent ENOENT: no such file or directory, open '/var/folders/fm/1vz1t2dj67n90nh0321t31340000gp/T/npm-2619-8092b1e2/unpack-6f5f44b765daaacb94ec874e4a77add7/package.json'
38 error enoent This is most likely not a problem with npm itself
38 error enoent and is related to npm not being able to find a file.
39 verbose exit [ -2, true ]
